0 info it worked if it ends with ok
1 verbose cli [
1 verbose cli   'C:\\Program Files\\nodejs\\node.exe',
1 verbose cli   'C:\\Users\\Hello\\AppData\\Roaming\\npm\\node_modules\\npm\\bin\\npm-cli.js',
1 verbose cli   'install',
1 verbose cli   '-g',
1 verbose cli   'gatsby-cli'
1 verbose cli ]
2 info using npm@3.10.10
3 info using node@v14.15.3
4 silly loadCurrentTree Starting
5 silly install loadCurrentTree
6 silly install readGlobalPackageData
7 silly fetchPackageMetaData gatsby-cli
8 silly fetchNamedPackageData gatsby-cli
9 silly mapToRegistry name gatsby-cli
10 silly mapToRegistry using default registry
11 silly mapToRegistry registry https://registry.npmjs.org/
12 silly mapToRegistry data Result {
12 silly mapToRegistry   raw: 'gatsby-cli',
12 silly mapToRegistry   scope: null,
12 silly mapToRegistry   escapedName: 'gatsby-cli',
12 silly mapToRegistry   name: 'gatsby-cli',
12 silly mapToRegistry   rawSpec: '',
12 silly mapToRegistry   spec: 'latest',
12 silly mapToRegistry   type: 'tag'
12 silly mapToRegistry }
13 silly mapToRegistry uri https://registry.npmjs.org/gatsby-cli
14 verbose request uri https://registry.npmjs.org/gatsby-cli
15 verbose request no auth needed
16 info attempt registry request try #1 at 5:43:30 PM
17 verbose request id fe0e7a0ebc461a10
18 verbose etag W/"f21ba68e84312ddbb62fa3dca82a913e"
19 verbose lastModified Wed, 30 Dec 2020 11:05:59 GMT
20 http request GET https://registry.npmjs.org/gatsby-cli
21 http 304 https://registry.npmjs.org/gatsby-cli
22 verbose headers {
22 verbose headers   date: 'Sat, 02 Jan 2021 16:43:32 GMT',
22 verbose headers   connection: 'keep-alive',
22 verbose headers   'set-cookie': [
22 verbose headers     '__cfduid=dcdea07bc10ec1b2356eca9a214dd0beb1609605812; expires=Mon, 01-Feb-21 16:43:32 GMT; path=/; domain=.npmjs.org; HttpOnly; SameSite=Lax'
22 verbose headers   ],
22 verbose headers   'cf-ray': '60b5f0881ebeff38-MAD',
22 verbose headers   age: '6222',
22 verbose headers   'cache-control': 'public, max-age=300',
22 verbose headers   etag: '"f21ba68e84312ddbb62fa3dca82a913e"',
22 verbose headers   'last-modified': 'Wed, 30 Dec 2020 11:05:59 GMT',
22 verbose headers   vary: 'Accept-Encoding',
22 verbose headers   'cf-cache-status': 'HIT',
22 verbose headers   'cf-request-id': '076594a90b0000ff38b1ad7000000001',
22 verbose headers   'expect-ct': 'max-age=604800, report-uri="https://report-uri.cloudflare.com/cdn-cgi/beacon/expect-ct"',
22 verbose headers   server: 'cloudflare'
22 verbose headers }
23 silly get cb [
23 silly get   304,
23 silly get   {
23 silly get     date: 'Sat, 02 Jan 2021 16:43:32 GMT',
23 silly get     connection: 'keep-alive',
23 silly get     'set-cookie': [
23 silly get       '__cfduid=dcdea07bc10ec1b2356eca9a214dd0beb1609605812; expires=Mon, 01-Feb-21 16:43:32 GMT; path=/; domain=.npmjs.org; HttpOnly; SameSite=Lax'
23 silly get     ],
23 silly get     'cf-ray': '60b5f0881ebeff38-MAD',
23 silly get     age: '6222',
23 silly get     'cache-control': 'public, max-age=300',
23 silly get     etag: '"f21ba68e84312ddbb62fa3dca82a913e"',
23 silly get     'last-modified': 'Wed, 30 Dec 2020 11:05:59 GMT',
23 silly get     vary: 'Accept-Encoding',
23 silly get     'cf-cache-status': 'HIT',
23 silly get     'cf-request-id': '076594a90b0000ff38b1ad7000000001',
23 silly get     'expect-ct': 'max-age=604800, report-uri="https://report-uri.cloudflare.com/cdn-cgi/beacon/expect-ct"',
23 silly get     server: 'cloudflare'
23 silly get   }
23 silly get ]
24 verbose etag https://registry.npmjs.org/gatsby-cli from cache
25 verbose get saving gatsby-cli to C:\Users\Hello\AppData\Roaming\npm-cache\registry.npmjs.org\gatsby-cli\.cache.json
26 verbose correctMkdir C:\Users\Hello\AppData\Roaming\npm-cache correctMkdir not in flight; initializing
27 verbose stack TypeError: cb.apply is not a function
27 verbose stack     at C:\Users\Hello\AppData\Roaming\npm\node_modules\npm\node_modules\graceful-fs\polyfills.js:267:18
27 verbose stack     at FSReqCallback.oncomplete (fs.js:184:5)
28 verbose cwd C:\Users\Hello\Desktop\Portfolio Template
29 error Windows_NT 10.0.17134
30 error argv "C:\\Program Files\\nodejs\\node.exe" "C:\\Users\\Hello\\AppData\\Roaming\\npm\\node_modules\\npm\\bin\\npm-cli.js" "install" "-g" "gatsby-cli"
31 error node v14.15.3
32 error npm  v3.10.10
33 error cb.apply is not a function
34 error If you need help, you may report this error at:
34 error     <https://github.com/npm/npm/issues>
35 verbose exit [ 1, true ]
